[17:30:43] [Client thread/INFO]: Setting user: Player466
[17:30:49] [Client thread/INFO]: LWJGL Version: 2.9.1
[17:30:55] [Client thread/INFO]: Reloading ResourceManager: Default, FMLFileResourcePack:Forge Mod Loader, FMLFileResourcePack:Minecraft Forge, FMLFileResourcePack:The Outcaster's Land
[17:30:56] [Client thread/ERROR]: Couldn't initialize twitch stream
[17:30:56] [Sound Library Loader/INFO]: Starting up SoundSystem...
[17:30:57] [Thread-9/INFO]: Initializing LWJGL OpenAL
[17:30:57] [Thread-9/INFO]: (The LWJGL binding of OpenAL.  For more information, see http://www.lwjgl.org)
[17:30:57] [Thread-9/INFO]: OpenAL initialized.
[17:30:57] [Sound Library Loader/INFO]: Sound engine started
[17:31:07] [Client thread/INFO]: Created: 16x16 textures-atlas
[17:31:11] [Client thread/INFO]: Reloading ResourceManager: Default, FMLFileResourcePack:Forge Mod Loader, FMLFileResourcePack:Minecraft Forge, FMLFileResourcePack:The Outcaster's Land
[17:31:11] [Client thread/INFO]: SoundSystem shutting down...
[17:31:11] [Client thread/WARN]: Author: Paul Lamb, www.paulscode.com
[17:31:11] [Sound Library Loader/INFO]: Starting up SoundSystem...
[17:31:12] [Thread-11/INFO]: Initializing LWJGL OpenAL
[17:31:12] [Thread-11/INFO]: (The LWJGL binding of OpenAL.  For more information, see http://www.lwjgl.org)
[17:31:12] [Thread-11/INFO]: OpenAL initialized.
[17:31:12] [Sound Library Loader/INFO]: Sound engine started
[17:31:19] [Client thread/INFO]: Created: 512x512 textures-atlas
[17:32:09] [Server thread/INFO]: Starting integrated minecraft server version 1.8
[17:32:09] [Server thread/INFO]: Generating keypair
[17:32:10] [Server thread/INFO]: Preparing start region for level 0
[17:32:11] [Server thread/INFO]: Preparing spawn area: 11%
[17:32:13] [Server thread/INFO]: Preparing spawn area: 94%
[17:32:14] [Server thread/INFO]: Changing view distance to 12, from 10
[17:32:18] [Server thread/INFO]: Player466[local:E:d4b158b6] logged in with entity id 260 at (-162.44777332000498, 67.0, -229.97529200774557)
[17:32:18] [Server thread/INFO]: Player466 joined the game
[17:32:21] [Server thread/WARN]: Can't keep up! Did the system time change, or is the server overloaded? Running 2948ms behind, skipping 58 tick(s)
[17:32:23] [Client thread/WARN]: Unable to play unknown soundEvent: minecraft:
[17:32:24] [pool-2-thread-1/WARN]: Couldn't look up profile properties for com.mojang.authlib.GameProfile@2edb683e[id=f0e019d1-5d03-339b-9d95-1c4fdeb69e95,name=Player466,properties={},legacy=false]
com.mojang.authlib.exceptions.AuthenticationException: The client has sent too many requests within a certain amount of time
	at com.mojang.authlib.yggdrasil.YggdrasilAuthenticationService.makeRequest(YggdrasilAuthenticationService.java:65) ~[YggdrasilAuthenticationService.class:?]
	at com.mojang.authlib.yggdrasil.YggdrasilMinecraftSessionService.fillGameProfile(YggdrasilMinecraftSessionService.java:158) [YggdrasilMinecraftSessionService.class:?]
	at com.mojang.authlib.yggdrasil.YggdrasilMinecraftSessionService$1.load(YggdrasilMinecraftSessionService.java:53) [YggdrasilMinecraftSessionService$1.class:?]
	at com.mojang.authlib.yggdrasil.YggdrasilMinecraftSessionService$1.load(YggdrasilMinecraftSessionService.java:50) [YggdrasilMinecraftSessionService$1.class:?]
	at com.google.common.cache.LocalCache$LoadingValueReference.loadFuture(LocalCache.java:3524) [guava-17.0.jar:?]
	at com.google.common.cache.LocalCache$Segment.loadSync(LocalCache.java:2317) [guava-17.0.jar:?]
	at com.google.common.cache.LocalCache$Segment.lockedGetOrLoad(LocalCache.java:2280) [guava-17.0.jar:?]
	at com.google.common.cache.LocalCache$Segment.get(LocalCache.java:2195) [guava-17.0.jar:?]
	at com.google.common.cache.LocalCache.get(LocalCache.java:3934) [guava-17.0.jar:?]
	at com.google.common.cache.LocalCache.getOrLoad(LocalCache.java:3938) [guava-17.0.jar:?]
	at com.google.common.cache.LocalCache$LocalLoadingCache.get(LocalCache.java:4821) [guava-17.0.jar:?]
	at com.google.common.cache.LocalCache$LocalLoadingCache.getUnchecked(LocalCache.java:4827) [guava-17.0.jar:?]
	at com.mojang.authlib.yggdrasil.YggdrasilMinecraftSessionService.fillProfileProperties(YggdrasilMinecraftSessionService.java:148) [YggdrasilMinecraftSessionService.class:?]
	at net.minecraft.client.resources.SkinManager$3.run(SkinManager.java:138) [SkinManager$3.class:?]
	at java.util.concurrent.Executors$RunnableAdapter.call(Unknown Source) [?:1.7.0_75]
	at java.util.concurrent.FutureTask.run(Unknown Source) [?:1.7.0_75]
	at java.util.concurrent.ThreadPoolExecutor.runWorker(Unknown Source) [?:1.7.0_75]
	at java.util.concurrent.ThreadPoolExecutor$Worker.run(Unknown Source) [?:1.7.0_75]
	at java.lang.Thread.run(Unknown Source) [?:1.7.0_75]
[17:32:26] [Client thread/WARN]: Unable to play unknown soundEvent: minecraft:
[17:32:26] [Client thread/WARN]: Unable to play unknown soundEvent: minecraft:
[17:32:28] [Client thread/WARN]: Unable to play unknown soundEvent: minecraft:
[17:32:29] [Client thread/WARN]: Unable to play unknown soundEvent: minecraft:
[17:32:29] [Client thread/WARN]: Unable to play unknown soundEvent: minecraft:
[17:32:31] [Client thread/WARN]: Unable to play unknown soundEvent: minecraft:
[17:32:31] [Client thread/WARN]: Unable to play unknown soundEvent: minecraft:
[17:32:32] [Client thread/WARN]: Unable to play unknown soundEvent: minecraft:
[17:32:32] [Client thread/WARN]: Unable to play unknown soundEvent: minecraft:
[17:32:32] [Client thread/WARN]: Unable to play unknown soundEvent: minecraft:
[17:32:34] [Client thread/WARN]: Unable to play unknown soundEvent: minecraft:
[17:32:34] [Client thread/WARN]: Unable to play unknown soundEvent: minecraft:
[17:32:35] [Server thread/INFO]: Saving and pausing game...
[17:32:35] [Server thread/INFO]: Saving chunks for level 'meme'/Overworld
[17:32:36] [Server thread/INFO]: Saving chunks for level 'meme'/Nether
[17:32:36] [Server thread/INFO]: Saving chunks for level 'meme'/The End
[17:32:49] [Client thread/WARN]: Unable to play unknown soundEvent: minecraft:
[17:32:49] [Client thread/WARN]: Unable to play unknown soundEvent: minecraft:
[17:32:50] [Client thread/WARN]: Unable to play unknown soundEvent: minecraft:
[17:32:51] [Client thread/WARN]: Unable to play unknown soundEvent: minecraft:
[17:32:52] [Client thread/WARN]: Unable to play unknown soundEvent: minecraft:
[17:32:53] [Client thread/WARN]: Unable to play unknown soundEvent: minecraft:
[17:32:56] [Client thread/WARN]: Unable to play unknown soundEvent: minecraft:
[17:32:56] [Client thread/WARN]: Unable to play unknown soundEvent: minecraft:
[17:32:59] [Client thread/WARN]: Unable to play unknown soundEvent: minecraft:
[17:33:01] [Client thread/WARN]: Unable to play unknown soundEvent: minecraft:
[17:33:04] [Client thread/WARN]: Unable to play unknown soundEvent: minecraft:
[17:33:05] [Server thread/INFO]: Saving and pausing game...
[17:33:05] [Server thread/INFO]: Saving chunks for level 'meme'/Overworld
[17:33:05] [Server thread/INFO]: Saving chunks for level 'meme'/Nether
[17:33:05] [Server thread/INFO]: Saving chunks for level 'meme'/The End
[17:33:34] [Client thread/WARN]: Unable to play unknown soundEvent: minecraft:
[17:33:36] [Client thread/WARN]: Unable to play unknown soundEvent: minecraft:
[17:33:38] [Client thread/WARN]: Unable to play unknown soundEvent: minecraft:
[17:33:39] [Client thread/WARN]: Unable to play unknown soundEvent: minecraft:
[17:33:39] [Server thread/INFO]: Saving and pausing game...
[17:33:40] [Server thread/INFO]: Saving chunks for level 'meme'/Overworld
[17:33:40] [Server thread/INFO]: Saving chunks for level 'meme'/Nether
[17:33:40] [Server thread/INFO]: Saving chunks for level 'meme'/The End
[17:33:48] [Client thread/WARN]: Unable to play unknown soundEvent: minecraft:
[17:33:49] [Client thread/WARN]: Unable to play unknown soundEvent: minecraft:
[17:33:51] [Client thread/WARN]: Unable to play unknown soundEvent: minecraft:
[17:33:52] [Server thread/INFO]: Saving and pausing game...
[17:33:52] [Server thread/INFO]: Saving chunks for level 'meme'/Overworld
[17:33:52] [Server thread/INFO]: Saving chunks for level 'meme'/Nether
[17:33:52] [Server thread/INFO]: Saving chunks for level 'meme'/The End
[17:33:56] [Client thread/INFO]: Stopping!
[17:33:56] [Client thread/INFO]: SoundSystem shutting down...
[17:33:56] [Server thread/INFO]: Stopping server
[17:33:56] [Server thread/INFO]: Saving players
[17:33:56] [Server thread/INFO]: Saving worlds
[17:33:56] [Server thread/INFO]: Saving chunks for level 'meme'/Overworld
[17:33:56] [Server thread/INFO]: Saving chunks for level 'meme'/Nether
[17:33:56] [Server thread/INFO]: Saving chunks for level 'meme'/The End
[17:33:56] [Client thread/WARN]: Author: Paul Lamb, www.paulscode.com
